20:09:57.496 [main] INFO  info - Выдан запрос на создание нового Пользователя!
20:09:57.512 [main] INFO  info - Запрос на создание нового Пользователя выполнен!
20:09:57.527 [main] INFO  info - Выдан запрос на создание нового Пользователя!
20:09:57.527 [main] INFO  info - Запрос на создание нового Пользователя выполнен!
20:09:57.527 [main] INFO  info - Выдан запрос на создание нового Пользователя!
20:09:57.527 [main] INFO  info - Запрос на создание нового Пользователя выполнен!
20:09:57.543 [main] INFO  info - Выдан запрос на создание нового Пользователя!
20:09:57.543 [main] INFO  info - Запрос на создание нового Пользователя выполнен!
20:09:57.543 [main] INFO  info - Выдан запрос на создание нового Пользователя!
20:09:57.543 [main] INFO  info - Запрос на создание нового Пользователя выполнен!
20:09:57.558 [main] INFO  info - Выдан запрос на создание новой операции!
20:09:57.558 [main] INFO  info - Запрос на создание новой операции выполнен!
20:09:57.558 [main] INFO  info - Выдан запрос на создание новой операции!
20:09:57.558 [main] INFO  info - Запрос на создание новой операции выполнен!
20:09:57.574 [main] INFO  info - Выдан запрос на создание новой операции!
20:09:57.574 [main] INFO  info - Запрос на создание новой операции выполнен!
20:09:57.574 [main] INFO  info - Выдан запрос на создание новой операции!
20:09:57.574 [main] INFO  info - Запрос на создание новой операции выполнен!
20:09:57.574 [main] INFO  info - Выдан запрос на создание новой операции!
20:09:57.574 [main] INFO  info - Запрос на создание новой операции выполнен!
20:09:57.590 [main] INFO  info - Выдан запрос на создание новой операции!
20:09:57.590 [main] INFO  info - Запрос на создание новой операции выполнен!
20:09:57.621 [main] INFO  info - Выдан запрос на создание новой Транзакции!
20:09:57.621 [main] INFO  info - Запрос на создание новой Транзакции выполнен!
20:09:57.621 [main] INFO  info - Выдан запрос на создание новой Транзакции!
20:09:57.621 [main] INFO  info - Запрос на создание новой Транзакции выполнен!
20:09:57.637 [main] INFO  info - Выдан запрос на создание новой Транзакции!
20:09:57.637 [main] INFO  info - Запрос на создание новой Транзакции выполнен!
20:09:57.637 [main] INFO  info - Обновление счета:7563 0934 3195 1487
20:09:57.652 [main] INFO  info - Запрос на операцию со счетом 7563 0934 3195 1487 выполнен!
20:11:38.488 [http-nio-8080-exec-2] INFO  info - Выдан запрос на поиск всех Пользователей
20:11:38.560 [http-nio-8080-exec-2] INFO  info - Запрос на поиск всех Пользователей выполнен!
20:11:43.354 [http-nio-8080-exec-3] INFO  info - Выдан запрос на поиск Пользователя по ID =  1
20:11:43.359 [http-nio-8080-exec-3] INFO  info - Запрос на поиск Пользователя по ID =  1 выполнен!
20:11:43.363 [http-nio-8080-exec-3] INFO  info - Поиск Счета
20:11:46.268 [http-nio-8080-exec-4] INFO  info - Выдан запрос на поиск всех Операций
20:11:46.277 [http-nio-8080-exec-4] INFO  info - Запрос на поиск всех Операций выполнен!
20:11:47.722 [http-nio-8080-exec-5] INFO  info - Выдан запрос на поиск всех Пользователей
20:11:47.727 [http-nio-8080-exec-5] INFO  info - Запрос на поиск всех Пользователей выполнен!
20:11:48.634 [http-nio-8080-exec-6] INFO  info - Поиск все счетов
20:11:49.211 [http-nio-8080-exec-7] INFO  info - Выдан запрос на поиск всех Транзакций
20:11:49.214 [http-nio-8080-exec-7] INFO  info - Запрос на поиск всех Транзакций выполнен!
20:11:49.778 [http-nio-8080-exec-8] INFO  info - Выдан запрос на поиск всех Операций
20:11:49.780 [http-nio-8080-exec-8] INFO  info - Запрос на поиск всех Операций выполнен!
20:11:51.185 [http-nio-8080-exec-9] INFO  info - Выдан запрос на поиск всех Транзакций
20:11:51.188 [http-nio-8080-exec-9] INFO  info - Запрос на поиск всех Транзакций выполнен!
20:11:52.481 [http-nio-8080-exec-10] INFO  info - Поиск все счетов
20:11:53.460 [http-nio-8080-exec-1] INFO  info - Поиск счета!
20:11:53.468 [http-nio-8080-exec-1] INFO  info - Выдан запрос на поиск всех Транзакций по ID = 1 счета!
20:11:53.471 [http-nio-8080-exec-1] INFO  info - Запрос на поиск всех Транзакций по ID = 1 счета выполнен!
20:11:54.721 [http-nio-8080-exec-2] INFO  info - Выдан запрос на поиск всех Пользователей
20:11:54.724 [http-nio-8080-exec-2] INFO  info - Запрос на поиск всех Пользователей выполнен!
20:11:55.653 [http-nio-8080-exec-3] INFO  info - Выдан запрос на поиск Пользователя по ID =  1
20:11:55.655 [http-nio-8080-exec-3] INFO  info - Запрос на поиск Пользователя по ID =  1 выполнен!
20:11:55.660 [http-nio-8080-exec-3] INFO  info - Поиск Счета
20:11:57.171 [http-nio-8080-exec-4] INFO  info - Поиск счета!
20:11:57.177 [http-nio-8080-exec-4] INFO  info - Выдан запрос на поиск всех Транзакций по ID = 1 счета!
20:11:57.179 [http-nio-8080-exec-4] INFO  info - Запрос на поиск всех Транзакций по ID = 1 счета выполнен!
20:11:59.513 [http-nio-8080-exec-5] INFO  info - Выдан запрос на поиск всех Пользователей
20:11:59.515 [http-nio-8080-exec-5] INFO  info - Запрос на поиск всех Пользователей выполнен!
20:12:06.789 [http-nio-8080-exec-7] INFO  info - Выдан запрос на создание нового Пользователя!
20:12:06.790 [http-nio-8080-exec-7] INFO  info - Запрос на создание нового Пользователя выполнен!
20:12:06.803 [http-nio-8080-exec-8] INFO  info - Выдан запрос на поиск всех Пользователей
20:12:06.804 [http-nio-8080-exec-8] INFO  info - Запрос на поиск всех Пользователей выполнен!
20:12:10.941 [http-nio-8080-exec-9] INFO  info - Выдан запрос на поиск Пользователя по ID =  36
20:12:10.943 [http-nio-8080-exec-9] INFO  info - Запрос на поиск Пользователя по ID =  36 выполнен!
20:12:10.948 [http-nio-8080-exec-9] INFO  info - Поиск Счета
20:12:12.787 [http-nio-8080-exec-10] INFO  info - Выдан запрос на поиск всех Транзакций по ID = 36 пользователя!
20:12:12.790 [http-nio-8080-exec-10] INFO  info - Запрос на поиск всех Транзакций по ID = 36 пользователя выполнен!
20:12:14.400 [http-nio-8080-exec-1] INFO  info - Поиск все счетов
20:12:15.969 [http-nio-8080-exec-2] INFO  info - Выдан запрос на поиск всех Пользователей
20:12:15.971 [http-nio-8080-exec-2] INFO  info - Запрос на поиск всех Пользователей выполнен!
